/home/ubuntu/chatbot-backend/main.py:50: DeprecationWarning: 
        on_event is deprecated, use lifespan event handlers instead.

        Read more about it in the
        [FastAPI docs for Lifespan Events](https://fastapi.tiangolo.com/advanced/events/).
        
  @app.on_event("startup")
/home/ubuntu/chatbot-backend/main.py:63: DeprecationWarning: 
        on_event is deprecated, use lifespan event handlers instead.

        Read more about it in the
        [FastAPI docs for Lifespan Events](https://fastapi.tiangolo.com/advanced/events/).
        
  @app.on_event("shutdown")
INFO:     Will watch for changes in these directories: ['/home/ubuntu/chatbot-backend']
INFO:     Uvicorn running on http://0.0.0.0:8000 (Press CTRL+C to quit)
INFO:     Started reloader process [7065] using StatReload
Connecting to Redis with: redis://Chatbot:***@redis-12931.c10.us-east-1-4.ec2.redns.redis-cloud.com:12931/0
Raw password: [Ravijobbot@1234]
Encoded password: [Ravijobbot%401234]
✅ Redis connected successfully
⚠️ Pinecone not available - support RAG will be disabled
INFO:     Started server process [7068]
INFO:     Waiting for application startup.
ERROR:    Traceback (most recent call last):
  File "/home/ubuntu/chatbot-backend/venv/lib/python3.10/site-packages/starlette/routing.py", line 692, in lifespan
    async with self.lifespan_context(app) as maybe_state:
  File "/usr/lib/python3.10/contextlib.py", line 199, in __aenter__
    return await anext(self.gen)
  File "/home/ubuntu/chatbot-backend/venv/lib/python3.10/site-packages/fastapi/routing.py", line 133, in merged_lifespan
    async with original_context(app) as maybe_original_state:
  File "/home/ubuntu/chatbot-backend/venv/lib/python3.10/site-packages/starlette/routing.py", line 569, in __aenter__
    await self._router.startup()
  File "/home/ubuntu/chatbot-backend/venv/lib/python3.10/site-packages/starlette/routing.py", line 669, in startup
    await handler()
  File "/home/ubuntu/chatbot-backend/main.py", line 56, in startup_event
    await services.initialize()
AttributeError: 'ServiceConnections' object has no attribute 'initialize'. Did you mean: 'initialize_all'?

ERROR:    Application startup failed. Exiting.
Connecting to Redis with: redis://Chatbot:***@redis-12931.c10.us-east-1-4.ec2.redns.redis-cloud.com:12931/0
Raw password: [Ravijobbot@1234]
Encoded password: [Ravijobbot%401234]
✅ Redis connected successfully
⚠️ Pinecone not available - support RAG will be disabled
🚀 Starting chatbot backend...
INFO:     Stopping reloader process [7065]
